<?xml version="1.0" encoding="UTF-8"?>
<!-- Generated by org.testng.reporters.JUnitReportReporter -->
<testsuite hostname="DESKTOP-767HIEB" failures="0" tests="1" name="com.learnAutomation.testcases.social" time="0.559" errors="0" timestamp="2023-06-30T13:14:30 IST" skipped="0">
  <testcase classname="com.learnAutomation.testcases.social" name="mediaCount" time="0.559"/>
  <system-out/>
</testsuite> <!-- com.learnAutomation.testcases.social -->
