<?xml version="1.0" encoding="UTF-8"?>
<!-- Generated by org.testng.reporters.JUnitReportReporter -->
<testsuite hostname="DESKTOP-767HIEB" failures="0" tests="1" name="com.learnAutomation.testcases.SocialMediaCount" time="0.226" errors="0" timestamp="2023-07-26T22:45:32 IST" skipped="0">
  <testcase classname="com.learnAutomation.testcases.SocialMediaCount" name="socialMediaCount" time="0.226"/>
  <system-out/>
</testsuite> <!-- com.learnAutomation.testcases.SocialMediaCount -->
