<?xml version="1.0" encoding="UTF-8"?>
<!-- Generated by org.testng.reporters.JUnitReportReporter -->
<testsuite hostname="DESKTOP-767HIEB" failures="0" tests="1" name="com.learnAutomation.testcases.RegisterTest" time="13.917" errors="0" timestamp="2023-07-27T11:18:40 IST" skipped="0">
  <testcase classname="com.learnAutomation.testcases.RegisterTest" name="signUpIntoApp" time="13.917"/>
  <system-out/>
</testsuite> <!-- com.learnAutomation.testcases.RegisterTest -->
