<?xml version="1.0" encoding="UTF-8"?>
<!-- Generated by org.testng.reporters.JUnitReportReporter -->
<testsuite hostname="DESKTOP-767HIEB" failures="0" tests="1" name="com.learnAutomation.testcases.RegisterTest" time="16.268" errors="0" timestamp="2023-06-30T13:14:30 IST" skipped="0">
  <testcase classname="com.learnAutomation.testcases.RegisterTest" name="SignUpForApp" time="16.268"/>
  <system-out/>
</testsuite> <!-- com.learnAutomation.testcases.RegisterTest -->
