<?xml version="1.0" encoding="UTF-8"?>
<!-- Generated by org.testng.reporters.JUnitReportReporter -->
<testsuite hostname="DESKTOP-767HIEB" failures="0" tests="1" name="com.learnAutomation.testcases.JDBCBasics2" time="0.985" errors="0" timestamp="2023-07-26T21:49:47 IST" skipped="0">
  <testcase classname="com.learnAutomation.testcases.JDBCBasics2" name="verifyDBRecords" time="0.985"/>
  <system-out/>
</testsuite> <!-- com.learnAutomation.testcases.JDBCBasics2 -->
