<?xml version="1.0" encoding="UTF-8"?>
<!-- Generated by org.testng.reporters.JUnitReportReporter -->
<testsuite hostname="DESKTOP-767HIEB" failures="0" tests="2" name="com.learnAutomation.testcases.CourseEnrollTest" time="31.597" errors="0" timestamp="2023-07-27T11:18:40 IST" skipped="0">
  <testcase classname="com.learnAutomation.testcases.CourseEnrollTest" name="loginToApp" time="3.742"/>
  <system-out/>
  <testcase classname="com.learnAutomation.testcases.CourseEnrollTest" name="enrollCourse" time="27.855"/>
  <system-out/>
</testsuite> <!-- com.learnAutomation.testcases.CourseEnrollTest -->
