<?xml version="1.0" encoding="UTF-8"?>
<!-- Generated by org.testng.reporters.JUnitReportReporter -->
<testsuite hostname="DESKTOP-767HIEB" failures="0" tests="1" name="com.learnAutomation.testcases.LoginTest" time="3.689" errors="0" timestamp="2023-07-27T11:18:40 IST" skipped="0">
  <testcase classname="com.learnAutomation.testcases.LoginTest" name="loginToApp" time="3.689"/>
  <system-out/>
</testsuite> <!-- com.learnAutomation.testcases.LoginTest -->
