<?xml version="1.0" encoding="UTF-8"?>
<!-- Generated by org.testng.reporters.JUnitReportReporter -->
<testsuite hostname="DESKTOP-767HIEB" failures="0" tests="2" name="com.learnAutomation.testcases.ManageCategoryTest" time="11.870" errors="0" timestamp="2023-08-04T12:52:33 IST" skipped="0">
  <testcase classname="com.learnAutomation.testcases.ManageCategoryTest" name="loginToApp" time="3.809"/>
  <system-out/>
  <testcase classname="com.learnAutomation.testcases.ManageCategoryTest" name="categoryManage" time="8.061"/>
  <system-out/>
</testsuite> <!-- com.learnAutomation.testcases.ManageCategoryTest -->
