<?xml version="1.0" encoding="UTF-8"?>
<!-- Generated by org.testng.reporters.JUnitReportReporter -->
<testsuite hostname="DESKTOP-767HIEB" failures="0" tests="1" name="com.learnAutomation.testcases.SmokeTest" time="0.149" errors="0" timestamp="2023-08-07T18:59:16 IST" skipped="0">
  <testcase classname="com.learnAutomation.testcases.SmokeTest" name="verifyURL" time="0.149"/>
  <system-out/>
</testsuite> <!-- com.learnAutomation.testcases.SmokeTest -->
