<?xml version="1.0" encoding="UTF-8"?>
<!-- Generated by org.testng.reporters.JUnitReportReporter -->
<testsuite hostname="DESKTOP-767HIEB" failures="0" tests="1" name="com.learnAutomation.testcases.RegisterTest" time="15.411" errors="0" timestamp="2023-07-13T14:15:09 IST" skipped="0">
  <testcase classname="com.learnAutomation.testcases.RegisterTest" name="SignUpForApp" time="15.411"/>
  <system-out/>
</testsuite> <!-- com.learnAutomation.testcases.RegisterTest -->
