<?xml version="1.0" encoding="UTF-8"?>
<!-- Generated by org.testng.reporters.JUnitReportReporter -->
<testsuite hostname="DESKTOP-767HIEB" failures="0" tests="1" name="com.learnAutomation.testcases.JDBCBasics" time="0.533" errors="0" timestamp="2023-07-26T22:45:32 IST" skipped="0">
  <testcase classname="com.learnAutomation.testcases.JDBCBasics" name="verifyDBRecords" time="0.533"/>
  <system-out/>
</testsuite> <!-- com.learnAutomation.testcases.JDBCBasics -->
