<?xml version="1.0" encoding="UTF-8"?>
<!-- Generated by org.testng.reporters.JUnitReportReporter -->
<testsuite hostname="DESKTOP-767HIEB" failures="0" tests="1" name="com.learnAutomation.testcases.JDBCBasics3" time="0.930" errors="0" timestamp="2023-07-26T21:50:03 IST" skipped="0">
  <testcase classname="com.learnAutomation.testcases.JDBCBasics3" name="verifyDBRecords" time="0.930"/>
  <system-out/>
</testsuite> <!-- com.learnAutomation.testcases.JDBCBasics3 -->
