<?xml version="1.0" encoding="UTF-8"?>
<!-- Generated by org.testng.reporters.JUnitReportReporter -->
<testsuite hostname="DESKTOP-767HIEB" failures="0" tests="2" name="com.learnAutomation.testcases.ManageCourseTest" time="19.980" errors="0" timestamp="2023-08-07T18:59:16 IST" skipped="0">
  <testcase classname="com.learnAutomation.testcases.ManageCourseTest" name="loginToApp" time="3.666"/>
  <system-out/>
  <testcase classname="com.learnAutomation.testcases.ManageCourseTest" name="ManageCourseDetails" time="16.314"/>
  <system-out/>
</testsuite> <!-- com.learnAutomation.testcases.ManageCourseTest -->
