<?xml version="1.0" encoding="UTF-8"?>
<!-- Generated by org.testng.reporters.JUnitReportReporter -->
<testsuite hostname="DESKTOP-767HIEB" failures="0" tests="2" name="com.learnAutomation.testcases.ManageCourseTest" time="19.980" errors="0" timestamp="2023-07-26T22:45:32 IST" skipped="0">
  <testcase classname="com.learnAutomation.testcases.ManageCourseTest" name="loginToApp" time="3.674"/>
  <system-out/>
  <testcase classname="com.learnAutomation.testcases.ManageCourseTest" name="ManageCourseDetails" time="16.306"/>
  <system-out/>
</testsuite> <!-- com.learnAutomation.testcases.ManageCourseTest -->
