<?xml version="1.0" encoding="UTF-8"?>
<!-- Generated by org.testng.reporters.JUnitReportReporter -->
<testsuite hostname="DESKTOP-767HIEB" failures="0" tests="1" name="com.learnAutomation.testcases.ExtentReportDemo" time="0.929" errors="0" timestamp="2023-06-29T12:30:44 IST" skipped="0">
  <testcase classname="com.learnAutomation.testcases.ExtentReportDemo" name="initialdemo" time="0.929"/>
  <system-out/>
</testsuite> <!-- com.learnAutomation.testcases.ExtentReportDemo -->
