<?xml version="1.0" encoding="UTF-8"?>
<!-- Generated by org.testng.reporters.JUnitReportReporter -->
<testsuite hostname="DESKTOP-767HIEB" failures="0" tests="2" name="com.learnAutomation.testcases.CourseEnrollTest" time="31.417" errors="0" timestamp="2023-07-26T22:45:32 IST" skipped="0">
  <testcase classname="com.learnAutomation.testcases.CourseEnrollTest" name="loginToApp" time="3.723"/>
  <system-out/>
  <testcase classname="com.learnAutomation.testcases.CourseEnrollTest" name="enrollCourse" time="27.694"/>
  <system-out/>
</testsuite> <!-- com.learnAutomation.testcases.CourseEnrollTest -->
