<?xml version="1.0" encoding="UTF-8"?>
<!-- Generated by org.testng.reporters.JUnitReportReporter -->
<testsuite hostname="DESKTOP-767HIEB" failures="0" tests="2" name="com.learnAutomation.testcases.CourseEnrollTest" time="31.654" errors="0" timestamp="2023-08-07T18:59:16 IST" skipped="0">
  <testcase classname="com.learnAutomation.testcases.CourseEnrollTest" name="loginToApp" time="4.000"/>
  <system-out/>
  <testcase classname="com.learnAutomation.testcases.CourseEnrollTest" name="enrollCourse" time="27.654"/>
  <system-out/>
</testsuite> <!-- com.learnAutomation.testcases.CourseEnrollTest -->
